<?xml version="1.0" encoding="UTF-8"?>
<testng-results ignored="0" total="1" passed="0" failed="1" skipped="0">
  <reporter-output>
  </reporter-output>
  <suite started-at="2023-12-31T09:52:39 EST" name="Default suite" finished-at="2023-12-31T09:53:05 EST" duration-ms="25923">
    <groups>
      <group name="cucumber">
        <method signature="AbstractTestNGCucumberTests.runScenario(io.cucumber.testng.PickleWrapper,io.cucumber.testng.FeatureWrapper)[pri:0, instance:cucumberOptions.TestNGTestRunner@3f4faf53]" name="runScenario" class="io.cucumber.testng.AbstractTestNGCucumberTests"/>
      </group> <!-- cucumber -->
    </groups>
    <test started-at="2023-12-31T09:52:39 EST" name="Default test" finished-at="2023-12-31T09:53:05 EST" duration-ms="25923">
      <class name="cucumberOptions.TestNGTestRunner">
        <test-method is-config="true" signature="setUpClass(org.testng.ITestContext)[pri:0, instance:cucumberOptions.TestNGTestRunner@3f4faf53]" started-at="2023-12-31T09:52:39 EST" name="setUpClass" finished-at="2023-12-31T09:52:41 EST" duration-ms="1443" status="PASS">
          <params>
            <param index="0">
              <value>
                <![CDATA[org.testng.TestRunner@4eed2acf]]>
              </value>
            </param>
          </params>
          <reporter-output>
          </reporter-output>
        </test-method> <!-- setUpClass -->
        <test-method signature="runScenario(io.cucumber.testng.PickleWrapper,io.cucumber.testng.FeatureWrapper)[pri:0, instance:cucumberOptions.TestNGTestRunner@3f4faf53]" started-at="2023-12-31T09:52:41 EST" name="runScenario" description="Runs Cucumber Scenarios" data-provider="scenarios" finished-at="2023-12-31T09:53:04 EST" duration-ms="23712" status="FAIL">
          <params>
            <param index="0">
              <value>
                <![CDATA["Search for flights with the given search criteria"]]>
              </value>
            </param>
            <param index="1">
              <value>
                <![CDATA["Flight Booking on the Test Website "www.phptravels.net""]]>
              </value>
            </param>
          </params>
          <exception class="java.lang.AssertionError">
            <message>
              <![CDATA[expected [false] but found [true]]]>
            </message>
            <full-stacktrace>
              <![CDATA[java.lang.AssertionError: expected [false] but found [true]
at org.testng.Assert.fail(Assert.java:111)
at org.testng.Assert.failNotEquals(Assert.java:1578)
at org.testng.Assert.assertFalse(Assert.java:79)
at org.testng.Assert.assertFalse(Assert.java:89)
at pageObjects.FlightBookingpage.flightDetailsPageDisplay(FlightBookingpage.java:123)
at stepDefinition.FlightBookingstepDefinition.all_the_flights_matching_the_search_criteria_should_be_shown(FlightBookingstepDefinition.java:70)
at âœ½.All the flights matching the Search Criteria should be shown(file:///C:/Users/USER/eclipse-workspace/SeleniumAutomation/src/test/java/features/flightBooking.feature:9)
]]>
            </full-stacktrace>
          </exception> <!-- java.lang.AssertionError -->
          <reporter-output>
          </reporter-output>
        </test-method> <!-- runScenario -->
        <test-method is-config="true" signature="tearDownClass()[pri:0, instance:cucumberOptions.TestNGTestRunner@3f4faf53]" started-at="2023-12-31T09:53:04 EST" name="tearDownClass" finished-at="2023-12-31T09:53:05 EST" duration-ms="662" status="PASS">
          <reporter-output>
          </reporter-output>
        </test-method> <!-- tearDownClass -->
      </class> <!-- cucumberOptions.TestNGTestRunner -->
    </test> <!-- Default test -->
  </suite> <!-- Default suite -->
</testng-results>
